2018-11-17 18:23:20 [scrapy.utils.log] INFO: Scrapy 1.5.1 started (bot: Noticias)
2018-11-17 18:23:20 [scrapy.utils.log] INFO: Versions: lxml 4.2.5.0, libxml2 2.9.8, cssselect 1.0.3, parsel 1.5.1, w3lib 1.19.0, Twisted 18.9.0, Python 3.7.1 (default, Oct 22 2018, 10:41:28) - [GCC 8.2.1 20180831], pyOpenSSL 18.0.0 (OpenSSL 1.1.1  11 Sep 2018), cryptography 2.4.1, Platform Linux-4.14.81-1-MANJARO-x86_64-with-arch-Manjaro-Linux
2018-11-17 18:23:20 [scrapy.crawler] INFO: Overridden settings: {'BOT_NAME': 'Noticias', 'EDITOR': '/usr/bin/nano', 'FEED_FORMAT': 'csv', 'FEED_URI': 'output', 'NEWSPIDER_MODULE': 'Noticias.spiders', 'ROBOTSTXT_OBEY': True, 'SPIDER_MODULES': ['Noticias.spiders']}
2018-11-17 18:23:20 [scrapy.middleware] INFO: Enabled extensions:
['scrapy.extensions.corestats.CoreStats',
 'scrapy.extensions.telnet.TelnetConsole',
 'scrapy.extensions.memusage.MemoryUsage',
 'scrapy.extensions.feedexport.FeedExporter',
 'scrapy.extensions.logstats.LogStats']
2018-11-17 18:23:21 [scrapy.middleware] INFO: Enabled downloader middlewares:
['scrapy.downloadermiddlewares.robotstxt.RobotsTxtMiddleware',
 'scrapy.downloadermiddlewares.httpauth.HttpAuthMiddleware',
 'scrapy.downloadermiddlewares.downloadtimeout.DownloadTimeoutMiddleware',
 'scrapy.downloadermiddlewares.defaultheaders.DefaultHeadersMiddleware',
 'scrapy.downloadermiddlewares.useragent.UserAgentMiddleware',
 'scrapy.downloadermiddlewares.retry.RetryMiddleware',
 'scrapy.downloadermiddlewares.redirect.MetaRefreshMiddleware',
 'scrapy.downloadermiddlewares.httpcompression.HttpCompressionMiddleware',
 'scrapy.downloadermiddlewares.redirect.RedirectMiddleware',
 'scrapy.downloadermiddlewares.cookies.CookiesMiddleware',
 'scrapy.downloadermiddlewares.httpproxy.HttpProxyMiddleware',
 'scrapy.downloadermiddlewares.stats.DownloaderStats']
2018-11-17 18:23:21 [scrapy.middleware] INFO: Enabled spider middlewares:
['scrapy.spidermiddlewares.httperror.HttpErrorMiddleware',
 'scrapy.spidermiddlewares.offsite.OffsiteMiddleware',
 'scrapy.spidermiddlewares.referer.RefererMiddleware',
 'scrapy.spidermiddlewares.urllength.UrlLengthMiddleware',
 'scrapy.spidermiddlewares.depth.DepthMiddleware']
2018-11-17 18:23:21 [scrapy.middleware] INFO: Enabled item pipelines:
[]
2018-11-17 18:23:21 [scrapy.core.engine] INFO: Spider opened
2018-11-17 18:23:21 [scrapy.extensions.logstats] INFO: Crawled 0 pages (at 0 pages/min), scraped 0 items (at 0 items/min)
2018-11-17 18:23:21 [py.warnings] WARNING: /usr/lib/python3.7/site-packages/scrapy/spidermiddlewares/offsite.py:59: URLWarning: allowed_domains accepts only domains, not URLs. Ignoring URL entry http://www.foxnews.com/ in allowed_domains.
  warnings.warn("allowed_domains accepts only domains, not URLs. Ignoring URL entry %s in allowed_domains." % domain, URLWarning)

2018-11-17 18:23:21 [scrapy.extensions.telnet] DEBUG: Telnet console listening on 127.0.0.1:6023
2018-11-17 18:23:21 [scrapy.downloadermiddlewares.redirect] DEBUG: Redirecting (301) to <GET https://www.foxnews.com/robots.txt> from <GET http://www.foxnews.com/robots.txt>
2018-11-17 18:23:21 [scrapy.core.engine] DEBUG: Crawled (200) <GET https://www.foxnews.com/robots.txt> (referer: None)
2018-11-17 18:23:22 [scrapy.downloadermiddlewares.redirect] DEBUG: Redirecting (301) to <GET https://www.foxnews.com/> from <GET http://www.foxnews.com/>
2018-11-17 18:23:22 [scrapy.core.engine] DEBUG: Crawled (200) <GET https://www.foxnews.com/> (referer: None)
2018-11-17 18:23:22 [scrapy.core.scraper] ERROR: Spider error processing <GET https://www.foxnews.com/> (referer: None)
Traceback (most recent call last):
  File "/usr/lib/python3.7/site-packages/twisted/internet/defer.py", line 654, in _runCallbacks
    current.result = callback(current.result, *args, **kw)
  File "/home/pc/Documents/Escuela/Algoritmos/Scraping/Noticias/Noticias/spiders/ingles.py", line 12, in parse
    item = MyItem()
NameError: name 'MyItem' is not defined
2018-11-17 18:23:22 [scrapy.core.engine] INFO: Closing spider (finished)
2018-11-17 18:23:22 [scrapy.statscollectors] INFO: Dumping Scrapy stats:
{'downloader/request_bytes': 966,
 'downloader/request_count': 4,
 'downloader/request_method_count/GET': 4,
 'downloader/response_bytes': 37310,
 'downloader/response_count': 4,
 'downloader/response_status_count/200': 2,
 'downloader/response_status_count/301': 2,
 'finish_reason': 'finished',
 'finish_time': datetime.datetime(2018, 11, 18, 0, 23, 22, 630043),
 'log_count/DEBUG': 5,
 'log_count/ERROR': 1,
 'log_count/INFO': 7,
 'log_count/WARNING': 1,
 'memusage/max': 54190080,
 'memusage/startup': 54190080,
 'response_received_count': 2,
 'scheduler/dequeued': 2,
 'scheduler/dequeued/memory': 2,
 'scheduler/enqueued': 2,
 'scheduler/enqueued/memory': 2,
 'spider_exceptions/NameError': 1,
 'start_time': datetime.datetime(2018, 11, 18, 0, 23, 21, 71008)}
2018-11-17 18:23:22 [scrapy.core.engine] INFO: Spider closed (finished)
